<?xml version="1.0" encoding="UTF-8"?>
<testng-results skipped="0" failed="0" ignored="0" total="2" passed="2">
  <reporter-output>
  </reporter-output>
  <suite name="Default suite" duration-ms="23458" started-at="2021-01-31T21:31:30Z" finished-at="2021-01-31T21:31:54Z">
    <groups>
    </groups>
    <test name="Default test" duration-ms="23458" started-at="2021-01-31T21:31:30Z" finished-at="2021-01-31T21:31:54Z">
      <class name="Test_Cases.Registration">
        <test-method status="PASS" signature="beforeTest()[pri:0, instance:Test_Cases.Registration@26653222]" name="beforeTest" is-config="true" duration-ms="11966" started-at="2021-01-31T23:31:30Z" finished-at="2021-01-31T23:31:42Z">
          <reporter-output>
          </reporter-output>
        </test-method> <!-- beforeTest -->
        <test-method status="PASS" signature="Login_button()[pri:1, instance:Test_Cases.Registration@26653222]" name="Login_button" duration-ms="4746" started-at="2021-01-31T23:31:42Z" finished-at="2021-01-31T23:31:47Z">
          <reporter-output>
          </reporter-output>
        </test-method> <!-- Login_button -->
        <test-method status="PASS" signature="Vaild_Data()[pri:2, instance:Test_Cases.Registration@26653222]" name="Vaild_Data" duration-ms="5648" started-at="2021-01-31T23:31:47Z" finished-at="2021-01-31T23:31:53Z">
          <reporter-output>
          </reporter-output>
        </test-method> <!-- Vaild_Data -->
        <test-method status="PASS" signature="afterTest()[pri:0, instance:Test_Cases.Registration@26653222]" name="afterTest" is-config="true" duration-ms="1074" started-at="2021-01-31T23:31:53Z" finished-at="2021-01-31T23:31:54Z">
          <reporter-output>
          </reporter-output>
        </test-method> <!-- afterTest -->
      </class> <!-- Test_Cases.Registration -->
    </test> <!-- Default test -->
  </suite> <!-- Default suite -->
</testng-results>
